nohup: 忽略输入
Gym has been unmaintained since 2022 and does not support NumPy 2.0 amongst other critical functionality.
Please upgrade to Gymnasium, the maintained drop-in replacement of Gym, or contact the authors of your software and request that they upgrade.
Users of this version of Gym should be able to simply replace 'import gym' with 'import gymnasium as gym' in the vast majority of cases.
See the migration guide at https://gymnasium.farama.org/introduction/migration_guide/ for additional information.
/home/kemove/miniconda3/envs/fault_rl/lib/python3.10/site-packages/stable_baselines3/common/on_policy_algorithm.py:150: UserWarning: You are trying to run PPO on the GPU, but it is primarily intended to run on the CPU when not using a CNN policy (you are using ActorCriticPolicy which should be a MlpPolicy). See https://github.com/DLR-RM/stable-baselines3/issues/1245 for more info. You can pass `device='cpu'` or `export CUDA_VISIBLE_DEVICES=` to force using the CPU.Note: The model will train, but the GPU utilization will be poor and the training might take longer than on CPU.
  warnings.warn(
============================================================
Starting TRAINING mode
============================================================
Loading train split from data_storage/splits/train.parquet
Training sample_idx=0
Issue preview: Set default FILE_UPLOAD_PERMISSION to 0o644.
Description
	
Hello,
As far as I can see, the ​File Uploads documentation p
Building graph from data_storage/repos/astropy...
Using local model from: ./dense_retriever_model
Dense retrieval enabled with local model: ./dense_retriever_model
Building retriever index...
Retriever index built with 19545 documents
Observation space: Box(0.0, 1.0, (32,), float32)
Action space: MultiDiscrete([4 8 3 3 5])
Starting PPO training...
Using cuda device
Wrapping the env with a `Monitor` wrapper
Wrapping the env in a DummyVecEnv.
Logging to ./logs_optimal/PPO_1
---------------------------------
| rollout/           |          |
|    ep_len_mean     | 4.1      |
|    ep_rew_mean     | -0.127   |
| time/              |          |
|    fps             | 5        |
|    iterations      | 1        |
|    time_elapsed    | 766      |
|    total_timesteps | 4096     |
---------------------------------
----------------------------------------
| rollout/                |            |
|    ep_len_mean          | 6.84       |
|    ep_rew_mean          | 1.01       |
| time/                   |            |
|    fps                  | 5          |
|    iterations           | 2          |
|    time_elapsed         | 1409       |
|    total_timesteps      | 8192       |
| train/                  |            |
|    approx_kl            | 0.06988537 |
|    clip_fraction        | 0.469      |
|    clip_range           | 0.2        |
|    entropy_loss         | -7.22      |
|    explained_variance   | -0.0298    |
|    learning_rate        | 0.0003     |
|    loss                 | 0.129      |
|    n_updates            | 10         |
|    policy_gradient_loss | -0.0913    |
|    value_loss           | 1.51       |
----------------------------------------
-----------------------------------------
| rollout/                |             |
|    ep_len_mean          | 10.8        |
|    ep_rew_mean          | 2.62        |
| time/                   |             |
|    fps                  | 6           |
|    iterations           | 3           |
|    time_elapsed         | 2000        |
|    total_timesteps      | 12288       |
| train/                  |             |
|    approx_kl            | 0.025016245 |
|    clip_fraction        | 0.234       |
|    clip_range           | 0.2         |
|    entropy_loss         | -7.16       |
|    explained_variance   | 0.0377      |
|    learning_rate        | 0.0003      |
|    loss                 | 0.506       |
|    n_updates            | 20          |
|    policy_gradient_loss | -0.0514     |
|    value_loss           | 2.44        |
-----------------------------------------
-----------------------------------------
| rollout/                |             |
|    ep_len_mean          | 14.6        |
|    ep_rew_mean          | 4.25        |
| time/                   |             |
|    fps                  | 6           |
|    iterations           | 4           |
|    time_elapsed         | 2576        |
|    total_timesteps      | 16384       |
| train/                  |             |
|    approx_kl            | 0.016787747 |
|    clip_fraction        | 0.197       |
|    clip_range           | 0.2         |
|    entropy_loss         | -7.11       |
|    explained_variance   | 0.0694      |
|    learning_rate        | 0.0003      |
|    loss                 | 1.39        |
|    n_updates            | 30          |
|    policy_gradient_loss | -0.0414     |
|    value_loss           | 3.42        |
-----------------------------------------
-----------------------------------------
| rollout/                |             |
|    ep_len_mean          | 17.5        |
|    ep_rew_mean          | 5.72        |
| time/                   |             |
|    fps                  | 6           |
|    iterations           | 5           |
|    time_elapsed         | 3194        |
|    total_timesteps      | 20480       |
| train/                  |             |
|    approx_kl            | 0.013653987 |
|    clip_fraction        | 0.149       |
|    clip_range           | 0.2         |
|    entropy_loss         | -7.07       |
|    explained_variance   | 0.13        |
|    learning_rate        | 0.0003      |
|    loss                 | 1.51        |
|    n_updates            | 40          |
|    policy_gradient_loss | -0.0313     |
|    value_loss           | 4.18        |
-----------------------------------------
-----------------------------------------
| rollout/                |             |
|    ep_len_mean          | 20.1        |
|    ep_rew_mean          | 6.87        |
| time/                   |             |
|    fps                  | 6           |
|    iterations           | 6           |
|    time_elapsed         | 3772        |
|    total_timesteps      | 24576       |
| train/                  |             |
|    approx_kl            | 0.011277058 |
|    clip_fraction        | 0.133       |
|    clip_range           | 0.2         |
|    entropy_loss         | -7.03       |
|    explained_variance   | 0.197       |
|    learning_rate        | 0.0003      |
|    loss                 | 1.52        |
|    n_updates            | 50          |
|    policy_gradient_loss | -0.0284     |
|    value_loss           | 4.47        |
-----------------------------------------
-----------------------------------------
| rollout/                |             |
|    ep_len_mean          | 23.4        |
|    ep_rew_mean          | 8.53        |
| time/                   |             |
|    fps                  | 6           |
|    iterations           | 7           |
|    time_elapsed         | 4373        |
|    total_timesteps      | 28672       |
| train/                  |             |
|    approx_kl            | 0.011138087 |
|    clip_fraction        | 0.136       |
|    clip_range           | 0.2         |
|    entropy_loss         | -6.99       |
|    explained_variance   | 0.285       |
|    learning_rate        | 0.0003      |
|    loss                 | 1.66        |
|    n_updates            | 60          |
|    policy_gradient_loss | -0.0267     |
|    value_loss           | 4.54        |
-----------------------------------------
-----------------------------------------
| rollout/                |             |
|    ep_len_mean          | 25.4        |
|    ep_rew_mean          | 9.77        |
| time/                   |             |
|    fps                  | 6           |
|    iterations           | 8           |
|    time_elapsed         | 4984        |
|    total_timesteps      | 32768       |
| train/                  |             |
|    approx_kl            | 0.011577085 |
|    clip_fraction        | 0.126       |
|    clip_range           | 0.2         |
|    entropy_loss         | -6.94       |
|    explained_variance   | 0.426       |
|    learning_rate        | 0.0003      |
|    loss                 | 0.713       |
|    n_updates            | 70          |
|    policy_gradient_loss | -0.0248     |
|    value_loss           | 3.83        |
-----------------------------------------
-----------------------------------------
| rollout/                |             |
|    ep_len_mean          | 26.9        |
|    ep_rew_mean          | 11          |
| time/                   |             |
|    fps                  | 6           |
|    iterations           | 9           |
|    time_elapsed         | 5637        |
|    total_timesteps      | 36864       |
| train/                  |             |
|    approx_kl            | 0.010434426 |
|    clip_fraction        | 0.124       |
|    clip_range           | 0.2         |
|    entropy_loss         | -6.9        |
|    explained_variance   | 0.569       |
|    learning_rate        | 0.0003      |
|    loss                 | 1.53        |
|    n_updates            | 80          |
|    policy_gradient_loss | -0.0198     |
|    value_loss           | 3.01        |
-----------------------------------------
-----------------------------------------
| rollout/                |             |
|    ep_len_mean          | 27.8        |
|    ep_rew_mean          | 11.7        |
| time/                   |             |
|    fps                  | 6           |
|    iterations           | 10          |
|    time_elapsed         | 6279        |
|    total_timesteps      | 40960       |
| train/                  |             |
|    approx_kl            | 0.009581789 |
|    clip_fraction        | 0.128       |
|    clip_range           | 0.2         |
|    entropy_loss         | -6.87       |
|    explained_variance   | 0.586       |
|    learning_rate        | 0.0003      |
|    loss                 | 1.38        |
|    n_updates            | 90          |
|    policy_gradient_loss | -0.0173     |
|    value_loss           | 3.4         |
-----------------------------------------
-----------------------------------------
| rollout/                |             |
|    ep_len_mean          | 28.4        |
|    ep_rew_mean          | 12.3        |
| time/                   |             |
|    fps                  | 6           |
|    iterations           | 11          |
|    time_elapsed         | 6920        |
|    total_timesteps      | 45056       |
| train/                  |             |
|    approx_kl            | 0.010840256 |
|    clip_fraction        | 0.124       |
|    clip_range           | 0.2         |
|    entropy_loss         | -6.84       |
|    explained_variance   | 0.681       |
|    learning_rate        | 0.0003      |
|    loss                 | 0.412       |
|    n_updates            | 100         |
|    policy_gradient_loss | -0.0167     |
|    value_loss           | 2.62        |
-----------------------------------------
-----------------------------------------
| rollout/                |             |
|    ep_len_mean          | 28.8        |
|    ep_rew_mean          | 12.7        |
| time/                   |             |
|    fps                  | 6           |
|    iterations           | 12          |
|    time_elapsed         | 7658        |
|    total_timesteps      | 49152       |
| train/                  |             |
|    approx_kl            | 0.010795652 |
|    clip_fraction        | 0.147       |
|    clip_range           | 0.2         |
|    entropy_loss         | -6.78       |
|    explained_variance   | 0.782       |
|    learning_rate        | 0.0003      |
|    loss                 | 0.916       |
|    n_updates            | 110         |
|    policy_gradient_loss | -0.0184     |
|    value_loss           | 1.83        |
-----------------------------------------
-----------------------------------------
| rollout/                |             |
|    ep_len_mean          | 29.4        |
|    ep_rew_mean          | 13.2        |
| time/                   |             |
|    fps                  | 6           |
|    iterations           | 13          |
|    time_elapsed         | 8452        |
|    total_timesteps      | 53248       |
| train/                  |             |
|    approx_kl            | 0.012101624 |
|    clip_fraction        | 0.147       |
|    clip_range           | 0.2         |
|    entropy_loss         | -6.74       |
|    explained_variance   | 0.78        |
|    learning_rate        | 0.0003      |
|    loss                 | 0.673       |
|    n_updates            | 120         |
|    policy_gradient_loss | -0.0181     |
|    value_loss           | 2.02        |
-----------------------------------------
-----------------------------------------
| rollout/                |             |
|    ep_len_mean          | 29.6        |
|    ep_rew_mean          | 13.8        |
| time/                   |             |
|    fps                  | 6           |
|    iterations           | 14          |
|    time_elapsed         | 9250        |
|    total_timesteps      | 57344       |
| train/                  |             |
|    approx_kl            | 0.010288745 |
|    clip_fraction        | 0.139       |
|    clip_range           | 0.2         |
|    entropy_loss         | -6.69       |
|    explained_variance   | 0.844       |
|    learning_rate        | 0.0003      |
|    loss                 | 0.127       |
|    n_updates            | 130         |
|    policy_gradient_loss | -0.0147     |
|    value_loss           | 1.51        |
-----------------------------------------
-----------------------------------------
| rollout/                |             |
|    ep_len_mean          | 29.3        |
|    ep_rew_mean          | 13.9        |
| time/                   |             |
|    fps                  | 6           |
|    iterations           | 15          |
|    time_elapsed         | 10128       |
|    total_timesteps      | 61440       |
| train/                  |             |
|    approx_kl            | 0.011943716 |
|    clip_fraction        | 0.167       |
|    clip_range           | 0.2         |
|    entropy_loss         | -6.63       |
|    explained_variance   | 0.892       |
|    learning_rate        | 0.0003      |
|    loss                 | -0.331      |
|    n_updates            | 140         |
|    policy_gradient_loss | -0.0146     |
|    value_loss           | 1.11        |
-----------------------------------------
-----------------------------------------
| rollout/                |             |
|    ep_len_mean          | 29.5        |
|    ep_rew_mean          | 14.4        |
| time/                   |             |
|    fps                  | 5           |
|    iterations           | 16          |
|    time_elapsed         | 11031       |
|    total_timesteps      | 65536       |
| train/                  |             |
|    approx_kl            | 0.015407436 |
|    clip_fraction        | 0.197       |
|    clip_range           | 0.2         |
|    entropy_loss         | -6.57       |
|    explained_variance   | 0.911       |
|    learning_rate        | 0.0003      |
|    loss                 | 0.0788      |
|    n_updates            | 150         |
|    policy_gradient_loss | -0.0162     |
|    value_loss           | 0.921       |
-----------------------------------------
-----------------------------------------
| rollout/                |             |
|    ep_len_mean          | 29.9        |
|    ep_rew_mean          | 14.7        |
| time/                   |             |
|    fps                  | 5           |
|    iterations           | 17          |
|    time_elapsed         | 11950       |
|    total_timesteps      | 69632       |
| train/                  |             |
|    approx_kl            | 0.013946518 |
|    clip_fraction        | 0.188       |
|    clip_range           | 0.2         |
|    entropy_loss         | -6.54       |
|    explained_variance   | 0.925       |
|    learning_rate        | 0.0003      |
|    loss                 | -0.402      |
|    n_updates            | 160         |
|    policy_gradient_loss | -0.0176     |
|    value_loss           | 0.807       |
-----------------------------------------
-----------------------------------------
| rollout/                |             |
|    ep_len_mean          | 29.7        |
|    ep_rew_mean          | 14.8        |
| time/                   |             |
|    fps                  | 5           |
|    iterations           | 18          |
|    time_elapsed         | 12862       |
|    total_timesteps      | 73728       |
| train/                  |             |
|    approx_kl            | 0.013175742 |
|    clip_fraction        | 0.194       |
|    clip_range           | 0.2         |
|    entropy_loss         | -6.48       |
|    explained_variance   | 0.957       |
|    learning_rate        | 0.0003      |
|    loss                 | -0.353      |
|    n_updates            | 170         |
|    policy_gradient_loss | -0.0215     |
|    value_loss           | 0.469       |
-----------------------------------------
-----------------------------------------
| rollout/                |             |
|    ep_len_mean          | 29.8        |
|    ep_rew_mean          | 15.1        |
| time/                   |             |
|    fps                  | 5           |
|    iterations           | 19          |
|    time_elapsed         | 13760       |
|    total_timesteps      | 77824       |
| train/                  |             |
|    approx_kl            | 0.013306536 |
|    clip_fraction        | 0.173       |
|    clip_range           | 0.2         |
|    entropy_loss         | -6.46       |
|    explained_variance   | 0.94        |
|    learning_rate        | 0.0003      |
|    loss                 | -0.378      |
|    n_updates            | 180         |
|    policy_gradient_loss | -0.0161     |
|    value_loss           | 0.692       |
-----------------------------------------
-----------------------------------------
| rollout/                |             |
|    ep_len_mean          | 29.7        |
|    ep_rew_mean          | 15.3        |
| time/                   |             |
|    fps                  | 5           |
|    iterations           | 20          |
|    time_elapsed         | 14701       |
|    total_timesteps      | 81920       |
| train/                  |             |
|    approx_kl            | 0.014736118 |
|    clip_fraction        | 0.178       |
|    clip_range           | 0.2         |
|    entropy_loss         | -6.39       |
|    explained_variance   | 0.958       |
|    learning_rate        | 0.0003      |
|    loss                 | -0.416      |
|    n_updates            | 190         |
|    policy_gradient_loss | -0.0167     |
|    value_loss           | 0.485       |
-----------------------------------------
-----------------------------------------
| rollout/                |             |
|    ep_len_mean          | 30          |
|    ep_rew_mean          | 15.8        |
| time/                   |             |
|    fps                  | 5           |
|    iterations           | 21          |
|    time_elapsed         | 15646       |
|    total_timesteps      | 86016       |
| train/                  |             |
|    approx_kl            | 0.011260667 |
|    clip_fraction        | 0.156       |
|    clip_range           | 0.2         |
|    entropy_loss         | -6.32       |
|    explained_variance   | 0.974       |
|    learning_rate        | 0.0003      |
|    loss                 | -0.383      |
|    n_updates            | 200         |
|    policy_gradient_loss | -0.018      |
|    value_loss           | 0.3         |
-----------------------------------------
-----------------------------------------
| rollout/                |             |
|    ep_len_mean          | 29.9        |
|    ep_rew_mean          | 15.9        |
| time/                   |             |
|    fps                  | 5           |
|    iterations           | 22          |
|    time_elapsed         | 16581       |
|    total_timesteps      | 90112       |
| train/                  |             |
|    approx_kl            | 0.012274113 |
|    clip_fraction        | 0.177       |
|    clip_range           | 0.2         |
|    entropy_loss         | -6.27       |
|    explained_variance   | 0.979       |
|    learning_rate        | 0.0003      |
|    loss                 | -0.418      |
|    n_updates            | 210         |
|    policy_gradient_loss | -0.0223     |
|    value_loss           | 0.25        |
-----------------------------------------
-----------------------------------------
| rollout/                |             |
|    ep_len_mean          | 29.2        |
|    ep_rew_mean          | 15.4        |
| time/                   |             |
|    fps                  | 5           |
|    iterations           | 23          |
|    time_elapsed         | 17498       |
|    total_timesteps      | 94208       |
| train/                  |             |
|    approx_kl            | 0.012846757 |
|    clip_fraction        | 0.154       |
|    clip_range           | 0.2         |
|    entropy_loss         | -6.25       |
|    explained_variance   | 0.954       |
|    learning_rate        | 0.0003      |
|    loss                 | 0.145       |
|    n_updates            | 220         |
|    policy_gradient_loss | -0.0141     |
|    value_loss           | 0.584       |
-----------------------------------------
----------------------------------------
| rollout/                |            |
|    ep_len_mean          | 29.8       |
|    ep_rew_mean          | 16         |
| time/                   |            |
|    fps                  | 5          |
|    iterations           | 24         |
|    time_elapsed         | 18418      |
|    total_timesteps      | 98304      |
| train/                  |            |
|    approx_kl            | 0.01234613 |
|    clip_fraction        | 0.167      |
|    clip_range           | 0.2        |
|    entropy_loss         | -6.23      |
|    explained_variance   | 0.918      |
|    learning_rate        | 0.0003     |
|    loss                 | 0.0253     |
|    n_updates            | 230        |
|    policy_gradient_loss | -0.0127    |
|    value_loss           | 1.09       |
----------------------------------------
---------------------------------------
| rollout/                |           |
|    ep_len_mean          | 29.6      |
|    ep_rew_mean          | 15.9      |
| time/                   |           |
|    fps                  | 5         |
|    iterations           | 25        |
|    time_elapsed         | 19373     |
|    total_timesteps      | 102400    |
| train/                  |           |
|    approx_kl            | 0.0145829 |
|    clip_fraction        | 0.16      |
|    clip_range           | 0.2       |
|    entropy_loss         | -6.23     |
|    explained_variance   | 0.907     |
|    learning_rate        | 0.0003    |
|    loss                 | 0.171     |
|    n_updates            | 240       |
|    policy_gradient_loss | -0.013    |
|    value_loss           | 1.19      |
---------------------------------------
------------------------------------------
| rollout/                |              |
|    ep_len_mean          | 30           |
|    ep_rew_mean          | 16.2         |
| time/                   |              |
|    fps                  | 5            |
|    iterations           | 26           |
|    time_elapsed         | 20346        |
|    total_timesteps      | 106496       |
| train/                  |              |
|    approx_kl            | 0.0123925945 |
|    clip_fraction        | 0.166        |
|    clip_range           | 0.2          |
|    entropy_loss         | -6.18        |
|    explained_variance   | 0.943        |
|    learning_rate        | 0.0003       |
|    loss                 | -0.173       |
|    n_updates            | 250          |
|    policy_gradient_loss | -0.0169      |
|    value_loss           | 0.726        |
------------------------------------------
-----------------------------------------
| rollout/                |             |
|    ep_len_mean          | 30          |
|    ep_rew_mean          | 16.4        |
| time/                   |             |
|    fps                  | 5           |
|    iterations           | 27          |
|    time_elapsed         | 21330       |
|    total_timesteps      | 110592      |
| train/                  |             |
|    approx_kl            | 0.010804035 |
|    clip_fraction        | 0.154       |
|    clip_range           | 0.2         |
|    entropy_loss         | -6.14       |
|    explained_variance   | 0.961       |
|    learning_rate        | 0.0003      |
|    loss                 | -0.412      |
|    n_updates            | 260         |
|    policy_gradient_loss | -0.0129     |
|    value_loss           | 0.518       |
-----------------------------------------
----------------------------------------
| rollout/                |            |
|    ep_len_mean          | 30         |
|    ep_rew_mean          | 16.6       |
| time/                   |            |
|    fps                  | 5          |
|    iterations           | 28         |
|    time_elapsed         | 22249      |
|    total_timesteps      | 114688     |
| train/                  |            |
|    approx_kl            | 0.01242899 |
|    clip_fraction        | 0.185      |
|    clip_range           | 0.2        |
|    entropy_loss         | -6.08      |
|    explained_variance   | 0.989      |
|    learning_rate        | 0.0003     |
|    loss                 | -0.438     |
|    n_updates            | 270        |
|    policy_gradient_loss | -0.0216    |
|    value_loss           | 0.136      |
----------------------------------------
-----------------------------------------
| rollout/                |             |
|    ep_len_mean          | 30          |
|    ep_rew_mean          | 16.9        |
| time/                   |             |
|    fps                  | 5           |
|    iterations           | 29          |
|    time_elapsed         | 23178       |
|    total_timesteps      | 118784      |
| train/                  |             |
|    approx_kl            | 0.010970034 |
|    clip_fraction        | 0.16        |
|    clip_range           | 0.2         |
|    entropy_loss         | -6.04       |
|    explained_variance   | 0.99        |
|    learning_rate        | 0.0003      |
|    loss                 | -0.452      |
|    n_updates            | 280         |
|    policy_gradient_loss | -0.0181     |
|    value_loss           | 0.127       |
-----------------------------------------
-----------------------------------------
| rollout/                |             |
|    ep_len_mean          | 29.9        |
|    ep_rew_mean          | 16.7        |
| time/                   |             |
|    fps                  | 5           |
|    iterations           | 30          |
|    time_elapsed         | 24122       |
|    total_timesteps      | 122880      |
| train/                  |             |
|    approx_kl            | 0.010881509 |
|    clip_fraction        | 0.139       |
|    clip_range           | 0.2         |
|    entropy_loss         | -5.99       |
|    explained_variance   | 0.991       |
|    learning_rate        | 0.0003      |
|    loss                 | -0.438      |
|    n_updates            | 290         |
|    policy_gradient_loss | -0.0178     |
|    value_loss           | 0.122       |
-----------------------------------------
-----------------------------------------
| rollout/                |             |
|    ep_len_mean          | 30          |
|    ep_rew_mean          | 16.8        |
| time/                   |             |
|    fps                  | 5           |
|    iterations           | 31          |
|    time_elapsed         | 25032       |
|    total_timesteps      | 126976      |
| train/                  |             |
|    approx_kl            | 0.011706407 |
|    clip_fraction        | 0.139       |
|    clip_range           | 0.2         |
|    entropy_loss         | -5.98       |
|    explained_variance   | 0.938       |
|    learning_rate        | 0.0003      |
|    loss                 | -0.172      |
|    n_updates            | 300         |
|    policy_gradient_loss | -0.00952    |
|    value_loss           | 0.888       |
-----------------------------------------
-----------------------------------------
| rollout/                |             |
|    ep_len_mean          | 29.4        |
|    ep_rew_mean          | 16.5        |
| time/                   |             |
|    fps                  | 5           |
|    iterations           | 32          |
|    time_elapsed         | 25940       |
|    total_timesteps      | 131072      |
| train/                  |             |
|    approx_kl            | 0.011728795 |
|    clip_fraction        | 0.152       |
|    clip_range           | 0.2         |
|    entropy_loss         | -5.95       |
|    explained_variance   | 0.99        |
|    learning_rate        | 0.0003      |
|    loss                 | -0.419      |
|    n_updates            | 310         |
|    policy_gradient_loss | -0.0174     |
|    value_loss           | 0.134       |
-----------------------------------------
-----------------------------------------
| rollout/                |             |
|    ep_len_mean          | 29.8        |
|    ep_rew_mean          | 16.6        |
| time/                   |             |
|    fps                  | 5           |
|    iterations           | 33          |
|    time_elapsed         | 26835       |
|    total_timesteps      | 135168      |
| train/                  |             |
|    approx_kl            | 0.018552762 |
|    clip_fraction        | 0.202       |
|    clip_range           | 0.2         |
|    entropy_loss         | -5.98       |
|    explained_variance   | 0.883       |
|    learning_rate        | 0.0003      |
|    loss                 | 0.82        |
|    n_updates            | 320         |
|    policy_gradient_loss | -0.0112     |
|    value_loss           | 1.76        |
-----------------------------------------
-----------------------------------------
| rollout/                |             |
|    ep_len_mean          | 29.5        |
|    ep_rew_mean          | 16.4        |
| time/                   |             |
|    fps                  | 5           |
|    iterations           | 34          |
|    time_elapsed         | 27757       |
|    total_timesteps      | 139264      |
| train/                  |             |
|    approx_kl            | 0.013235697 |
|    clip_fraction        | 0.155       |
|    clip_range           | 0.2         |
|    entropy_loss         | -6.01       |
|    explained_variance   | 0.947       |
|    learning_rate        | 0.0003      |
|    loss                 | -0.234      |
|    n_updates            | 330         |
|    policy_gradient_loss | -0.00968    |
|    value_loss           | 0.727       |
-----------------------------------------
-----------------------------------------
| rollout/                |             |
|    ep_len_mean          | 29.9        |
|    ep_rew_mean          | 16.7        |
| time/                   |             |
|    fps                  | 4           |
|    iterations           | 35          |
|    time_elapsed         | 28673       |
|    total_timesteps      | 143360      |
| train/                  |             |
|    approx_kl            | 0.013708349 |
|    clip_fraction        | 0.173       |
|    clip_range           | 0.2         |
|    entropy_loss         | -6.02       |
|    explained_variance   | 0.906       |
|    learning_rate        | 0.0003      |
|    loss                 | 0.922       |
|    n_updates            | 340         |
|    policy_gradient_loss | -0.01       |
|    value_loss           | 1.29        |
-----------------------------------------
-----------------------------------------
| rollout/                |             |
|    ep_len_mean          | 29.5        |
|    ep_rew_mean          | 16.6        |
| time/                   |             |
|    fps                  | 4           |
|    iterations           | 36          |
|    time_elapsed         | 29604       |
|    total_timesteps      | 147456      |
| train/                  |             |
|    approx_kl            | 0.014182675 |
|    clip_fraction        | 0.176       |
|    clip_range           | 0.2         |
|    entropy_loss         | -6.04       |
|    explained_variance   | 0.947       |
|    learning_rate        | 0.0003      |
|    loss                 | -0.321      |
|    n_updates            | 350         |
|    policy_gradient_loss | -0.0114     |
|    value_loss           | 0.726       |
-----------------------------------------
-----------------------------------------
| rollout/                |             |
|    ep_len_mean          | 30          |
|    ep_rew_mean          | 17          |
| time/                   |             |
|    fps                  | 4           |
|    iterations           | 37          |
|    time_elapsed         | 30480       |
|    total_timesteps      | 151552      |
| train/                  |             |
|    approx_kl            | 0.011519454 |
|    clip_fraction        | 0.15        |
|    clip_range           | 0.2         |
|    entropy_loss         | -6.01       |
|    explained_variance   | 0.93        |
|    learning_rate        | 0.0003      |
|    loss                 | -0.3        |
|    n_updates            | 360         |
|    policy_gradient_loss | -0.0127     |
|    value_loss           | 0.967       |
-----------------------------------------
-----------------------------------------
| rollout/                |             |
|    ep_len_mean          | 29.9        |
|    ep_rew_mean          | 17          |
| time/                   |             |
|    fps                  | 4           |
|    iterations           | 38          |
|    time_elapsed         | 31358       |
|    total_timesteps      | 155648      |
| train/                  |             |
|    approx_kl            | 0.011638911 |
|    clip_fraction        | 0.165       |
|    clip_range           | 0.2         |
|    entropy_loss         | -5.95       |
|    explained_variance   | 0.989       |
|    learning_rate        | 0.0003      |
|    loss                 | -0.434      |
|    n_updates            | 370         |
|    policy_gradient_loss | -0.0174     |
|    value_loss           | 0.143       |
-----------------------------------------
-----------------------------------------
| rollout/                |             |
|    ep_len_mean          | 30          |
|    ep_rew_mean          | 17.3        |
| time/                   |             |
|    fps                  | 4           |
|    iterations           | 39          |
|    time_elapsed         | 32259       |
|    total_timesteps      | 159744      |
| train/                  |             |
|    approx_kl            | 0.012758713 |
|    clip_fraction        | 0.172       |
|    clip_range           | 0.2         |
|    entropy_loss         | -5.94       |
|    explained_variance   | 0.956       |
|    learning_rate        | 0.0003      |
|    loss                 | -0.353      |
|    n_updates            | 380         |
|    policy_gradient_loss | -0.00985    |
|    value_loss           | 0.63        |
-----------------------------------------
------------------------------------------
| rollout/                |              |
|    ep_len_mean          | 29.6         |
|    ep_rew_mean          | 16.9         |
| time/                   |              |
|    fps                  | 4            |
|    iterations           | 40           |
|    time_elapsed         | 33184        |
|    total_timesteps      | 163840       |
| train/                  |              |
|    approx_kl            | 0.0123621365 |
|    clip_fraction        | 0.151        |
|    clip_range           | 0.2          |
|    entropy_loss         | -5.92        |
|    explained_variance   | 0.987        |
|    learning_rate        | 0.0003       |
|    loss                 | -0.412       |
|    n_updates            | 390          |
|    policy_gradient_loss | -0.0145      |
|    value_loss           | 0.168        |
------------------------------------------
------------------------------------------
| rollout/                |              |
|    ep_len_mean          | 30           |
|    ep_rew_mean          | 17.3         |
| time/                   |              |
|    fps                  | 4            |
|    iterations           | 41           |
|    time_elapsed         | 34094        |
|    total_timesteps      | 167936       |
| train/                  |              |
|    approx_kl            | 0.0108702555 |
|    clip_fraction        | 0.181        |
|    clip_range           | 0.2          |
|    entropy_loss         | -5.9         |
|    explained_variance   | 0.914        |
|    learning_rate        | 0.0003       |
|    loss                 | 0.000924     |
|    n_updates            | 400          |
|    policy_gradient_loss | -0.0111      |
|    value_loss           | 1.28         |
------------------------------------------
-----------------------------------------
| rollout/                |             |
|    ep_len_mean          | 29.8        |
|    ep_rew_mean          | 17.2        |
| time/                   |             |
|    fps                  | 4           |
|    iterations           | 42          |
|    time_elapsed         | 34989       |
|    total_timesteps      | 172032      |
| train/                  |             |
|    approx_kl            | 0.015863173 |
|    clip_fraction        | 0.172       |
|    clip_range           | 0.2         |
|    entropy_loss         | -5.85       |
|    explained_variance   | 0.987       |
|    learning_rate        | 0.0003      |
|    loss                 | -0.394      |
|    n_updates            | 410         |
|    policy_gradient_loss | -0.0169     |
|    value_loss           | 0.169       |
-----------------------------------------
-----------------------------------------
| rollout/                |             |
|    ep_len_mean          | 30          |
|    ep_rew_mean          | 17.4        |
| time/                   |             |
|    fps                  | 4           |
|    iterations           | 43          |
|    time_elapsed         | 35906       |
|    total_timesteps      | 176128      |
| train/                  |             |
|    approx_kl            | 0.013741413 |
|    clip_fraction        | 0.169       |
|    clip_range           | 0.2         |
|    entropy_loss         | -5.83       |
|    explained_variance   | 0.939       |
|    learning_rate        | 0.0003      |
|    loss                 | 0.0883      |
|    n_updates            | 420         |
|    policy_gradient_loss | -0.0108     |
|    value_loss           | 0.889       |
-----------------------------------------
----------------------------------------
| rollout/                |            |
|    ep_len_mean          | 29.9       |
|    ep_rew_mean          | 17.3       |
| time/                   |            |
|    fps                  | 4          |
|    iterations           | 44         |
|    time_elapsed         | 36797      |
|    total_timesteps      | 180224     |
| train/                  |            |
|    approx_kl            | 0.01226225 |
|    clip_fraction        | 0.168      |
|    clip_range           | 0.2        |
|    entropy_loss         | -5.81      |
|    explained_variance   | 0.974      |
|    learning_rate        | 0.0003     |
|    loss                 | -0.211     |
|    n_updates            | 430        |
|    policy_gradient_loss | -0.0148    |
|    value_loss           | 0.375      |
----------------------------------------
-----------------------------------------
| rollout/                |             |
|    ep_len_mean          | 30          |
|    ep_rew_mean          | 17.4        |
| time/                   |             |
|    fps                  | 4           |
|    iterations           | 45          |
|    time_elapsed         | 37710       |
|    total_timesteps      | 184320      |
| train/                  |             |
|    approx_kl            | 0.013020842 |
|    clip_fraction        | 0.181       |
|    clip_range           | 0.2         |
|    entropy_loss         | -5.82       |
|    explained_variance   | 0.963       |
|    learning_rate        | 0.0003      |
|    loss                 | -0.362      |
|    n_updates            | 440         |
|    policy_gradient_loss | -0.0142     |
|    value_loss           | 0.548       |
-----------------------------------------
-----------------------------------------
| rollout/                |             |
|    ep_len_mean          | 30          |
|    ep_rew_mean          | 17.7        |
| time/                   |             |
|    fps                  | 4           |
|    iterations           | 46          |
|    time_elapsed         | 38618       |
|    total_timesteps      | 188416      |
| train/                  |             |
|    approx_kl            | 0.013588751 |
|    clip_fraction        | 0.17        |
|    clip_range           | 0.2         |
|    entropy_loss         | -5.79       |
|    explained_variance   | 0.984       |
|    learning_rate        | 0.0003      |
|    loss                 | -0.38       |
|    n_updates            | 450         |
|    policy_gradient_loss | -0.0187     |
|    value_loss           | 0.212       |
-----------------------------------------
-----------------------------------------
| rollout/                |             |
|    ep_len_mean          | 29.7        |
|    ep_rew_mean          | 17.4        |
| time/                   |             |
|    fps                  | 4           |
|    iterations           | 47          |
|    time_elapsed         | 39557       |
|    total_timesteps      | 192512      |
| train/                  |             |
|    approx_kl            | 0.011313757 |
|    clip_fraction        | 0.15        |
|    clip_range           | 0.2         |
|    entropy_loss         | -5.78       |
|    explained_variance   | 0.985       |
|    learning_rate        | 0.0003      |
|    loss                 | -0.359      |
|    n_updates            | 460         |
|    policy_gradient_loss | -0.0147     |
|    value_loss           | 0.207       |
-----------------------------------------
-----------------------------------------
| rollout/                |             |
|    ep_len_mean          | 29.8        |
|    ep_rew_mean          | 17.5        |
| time/                   |             |
|    fps                  | 4           |
|    iterations           | 48          |
|    time_elapsed         | 40509       |
|    total_timesteps      | 196608      |
| train/                  |             |
|    approx_kl            | 0.012016691 |
|    clip_fraction        | 0.139       |
|    clip_range           | 0.2         |
|    entropy_loss         | -5.76       |
|    explained_variance   | 0.933       |
|    learning_rate        | 0.0003      |
|    loss                 | -0.0694     |
|    n_updates            | 470         |
|    policy_gradient_loss | -0.00915    |
|    value_loss           | 1.01        |
-----------------------------------------
-----------------------------------------
| rollout/                |             |
|    ep_len_mean          | 30          |
|    ep_rew_mean          | 17.9        |
| time/                   |             |
|    fps                  | 4           |
|    iterations           | 49          |
|    time_elapsed         | 41494       |
|    total_timesteps      | 200704      |
| train/                  |             |
|    approx_kl            | 0.013265687 |
|    clip_fraction        | 0.163       |
|    clip_range           | 0.2         |
|    entropy_loss         | -5.76       |
|    explained_variance   | 0.932       |
|    learning_rate        | 0.0003      |
|    loss                 | 0.656       |
|    n_updates            | 480         |
|    policy_gradient_loss | -0.0122     |
|    value_loss           | 1.03        |
-----------------------------------------
-----------------------------------------
| rollout/                |             |
|    ep_len_mean          | 29.6        |
|    ep_rew_mean          | 17.5        |
| time/                   |             |
|    fps                  | 4           |
|    iterations           | 50          |
|    time_elapsed         | 42415       |
|    total_timesteps      | 204800      |
| train/                  |             |
|    approx_kl            | 0.013182686 |
|    clip_fraction        | 0.155       |
|    clip_range           | 0.2         |
|    entropy_loss         | -5.76       |
|    explained_variance   | 0.982       |
|    learning_rate        | 0.0003      |
|    loss                 | -0.34       |
|    n_updates            | 490         |
|    policy_gradient_loss | -0.0134     |
|    value_loss           | 0.256       |
-----------------------------------------
-----------------------------------------
| rollout/                |             |
|    ep_len_mean          | 29.9        |
|    ep_rew_mean          | 17.8        |
| time/                   |             |
|    fps                  | 4           |
|    iterations           | 51          |
|    time_elapsed         | 43380       |
|    total_timesteps      | 208896      |
| train/                  |             |
|    approx_kl            | 0.012564476 |
|    clip_fraction        | 0.155       |
|    clip_range           | 0.2         |
|    entropy_loss         | -5.74       |
|    explained_variance   | 0.918       |
|    learning_rate        | 0.0003      |
|    loss                 | -0.359      |
|    n_updates            | 500         |
|    policy_gradient_loss | -0.0105     |
|    value_loss           | 1.22        |
-----------------------------------------
-----------------------------------------
| rollout/                |             |
|    ep_len_mean          | 29.8        |
|    ep_rew_mean          | 17.8        |
| time/                   |             |
|    fps                  | 4           |
|    iterations           | 52          |
|    time_elapsed         | 44414       |
|    total_timesteps      | 212992      |
| train/                  |             |
|    approx_kl            | 0.014985675 |
|    clip_fraction        | 0.185       |
|    clip_range           | 0.2         |
|    entropy_loss         | -5.68       |
|    explained_variance   | 0.966       |
|    learning_rate        | 0.0003      |
|    loss                 | -0.349      |
|    n_updates            | 510         |
|    policy_gradient_loss | -0.016      |
|    value_loss           | 0.483       |
-----------------------------------------
-----------------------------------------
| rollout/                |             |
|    ep_len_mean          | 30          |
|    ep_rew_mean          | 18          |
| time/                   |             |
|    fps                  | 4           |
|    iterations           | 53          |
|    time_elapsed         | 45450       |
|    total_timesteps      | 217088      |
| train/                  |             |
|    approx_kl            | 0.012584254 |
|    clip_fraction        | 0.164       |
|    clip_range           | 0.2         |
|    entropy_loss         | -5.69       |
|    explained_variance   | 0.934       |
|    learning_rate        | 0.0003      |
|    loss                 | 0.181       |
|    n_updates            | 520         |
|    policy_gradient_loss | -0.0117     |
|    value_loss           | 0.972       |
-----------------------------------------
-----------------------------------------
| rollout/                |             |
|    ep_len_mean          | 29.9        |
|    ep_rew_mean          | 17.9        |
| time/                   |             |
|    fps                  | 4           |
|    iterations           | 54          |
|    time_elapsed         | 46423       |
|    total_timesteps      | 221184      |
| train/                  |             |
|    approx_kl            | 0.011982818 |
|    clip_fraction        | 0.153       |
|    clip_range           | 0.2         |
|    entropy_loss         | -5.68       |
|    explained_variance   | 0.969       |
|    learning_rate        | 0.0003      |
|    loss                 | -0.343      |
|    n_updates            | 530         |
|    policy_gradient_loss | -0.0123     |
|    value_loss           | 0.448       |
-----------------------------------------
-----------------------------------------
| rollout/                |             |
|    ep_len_mean          | 29.7        |
|    ep_rew_mean          | 17.7        |
| time/                   |             |
|    fps                  | 4           |
|    iterations           | 55          |
|    time_elapsed         | 47358       |
|    total_timesteps      | 225280      |
| train/                  |             |
|    approx_kl            | 0.013118524 |
|    clip_fraction        | 0.169       |
|    clip_range           | 0.2         |
|    entropy_loss         | -5.68       |
|    explained_variance   | 0.961       |
|    learning_rate        | 0.0003      |
|    loss                 | 0.236       |
|    n_updates            | 540         |
|    policy_gradient_loss | -0.0128     |
|    value_loss           | 0.592       |
-----------------------------------------
-----------------------------------------
| rollout/                |             |
|    ep_len_mean          | 29.9        |
|    ep_rew_mean          | 18          |
| time/                   |             |
|    fps                  | 4           |
|    iterations           | 56          |
|    time_elapsed         | 48297       |
|    total_timesteps      | 229376      |
| train/                  |             |
|    approx_kl            | 0.012385089 |
|    clip_fraction        | 0.16        |
|    clip_range           | 0.2         |
|    entropy_loss         | -5.68       |
|    explained_variance   | 0.974       |
|    learning_rate        | 0.0003      |
|    loss                 | -0.365      |
|    n_updates            | 550         |
|    policy_gradient_loss | -0.0135     |
|    value_loss           | 0.354       |
-----------------------------------------
-----------------------------------------
| rollout/                |             |
|    ep_len_mean          | 29.9        |
|    ep_rew_mean          | 18.1        |
| time/                   |             |
|    fps                  | 4           |
|    iterations           | 57          |
|    time_elapsed         | 49290       |
|    total_timesteps      | 233472      |
| train/                  |             |
|    approx_kl            | 0.011373992 |
|    clip_fraction        | 0.141       |
|    clip_range           | 0.2         |
|    entropy_loss         | -5.65       |
|    explained_variance   | 0.96        |
|    learning_rate        | 0.0003      |
|    loss                 | -0.328      |
|    n_updates            | 560         |
|    policy_gradient_loss | -0.0138     |
|    value_loss           | 0.596       |
-----------------------------------------
----------------------------------------
| rollout/                |            |
|    ep_len_mean          | 30         |
|    ep_rew_mean          | 18         |
| time/                   |            |
|    fps                  | 4          |
|    iterations           | 58         |
|    time_elapsed         | 50222      |
|    total_timesteps      | 237568     |
| train/                  |            |
|    approx_kl            | 0.01286897 |
|    clip_fraction        | 0.153      |
|    clip_range           | 0.2        |
|    entropy_loss         | -5.6       |
|    explained_variance   | 0.958      |
|    learning_rate        | 0.0003     |
|    loss                 | -0.271     |
|    n_updates            | 570        |
|    policy_gradient_loss | -0.0154    |
|    value_loss           | 0.629      |
----------------------------------------
-----------------------------------------
| rollout/                |             |
|    ep_len_mean          | 30          |
|    ep_rew_mean          | 18.3        |
| time/                   |             |
|    fps                  | 4           |
|    iterations           | 59          |
|    time_elapsed         | 51216       |
|    total_timesteps      | 241664      |
| train/                  |             |
|    approx_kl            | 0.012664661 |
|    clip_fraction        | 0.166       |
|    clip_range           | 0.2         |
|    entropy_loss         | -5.58       |
|    explained_variance   | 0.979       |
|    learning_rate        | 0.0003      |
|    loss                 | -0.301      |
|    n_updates            | 580         |
|    policy_gradient_loss | -0.0169     |
|    value_loss           | 0.313       |
-----------------------------------------
-----------------------------------------
| rollout/                |             |
|    ep_len_mean          | 30          |
|    ep_rew_mean          | 18.4        |
| time/                   |             |
|    fps                  | 4           |
|    iterations           | 60          |
|    time_elapsed         | 52165       |
|    total_timesteps      | 245760      |
| train/                  |             |
|    approx_kl            | 0.010337691 |
|    clip_fraction        | 0.148       |
|    clip_range           | 0.2         |
|    entropy_loss         | -5.55       |
|    explained_variance   | 0.982       |
|    learning_rate        | 0.0003      |
|    loss                 | -0.323      |
|    n_updates            | 590         |
|    policy_gradient_loss | -0.014      |
|    value_loss           | 0.278       |
-----------------------------------------
----------------------------------------
| rollout/                |            |
|    ep_len_mean          | 30         |
|    ep_rew_mean          | 18.3       |
| time/                   |            |
|    fps                  | 4          |
|    iterations           | 61         |
|    time_elapsed         | 53080      |
|    total_timesteps      | 249856     |
| train/                  |            |
|    approx_kl            | 0.01109416 |
|    clip_fraction        | 0.127      |
|    clip_range           | 0.2        |
|    entropy_loss         | -5.54      |
|    explained_variance   | 0.974      |
|    learning_rate        | 0.0003     |
|    loss                 | -0.108     |
|    n_updates            | 600        |
|    policy_gradient_loss | -0.0119    |
|    value_loss           | 0.412      |
----------------------------------------
-----------------------------------------
| rollout/                |             |
|    ep_len_mean          | 30          |
|    ep_rew_mean          | 18.4        |
| time/                   |             |
|    fps                  | 4           |
|    iterations           | 62          |
|    time_elapsed         | 54028       |
|    total_timesteps      | 253952      |
| train/                  |             |
|    approx_kl            | 0.012130861 |
|    clip_fraction        | 0.151       |
|    clip_range           | 0.2         |
|    entropy_loss         | -5.49       |
|    explained_variance   | 0.984       |
|    learning_rate        | 0.0003      |
|    loss                 | -0.329      |
|    n_updates            | 610         |
|    policy_gradient_loss | -0.0159     |
|    value_loss           | 0.259       |
-----------------------------------------
-----------------------------------------
| rollout/                |             |
|    ep_len_mean          | 29.9        |
|    ep_rew_mean          | 18.3        |
| time/                   |             |
|    fps                  | 4           |
|    iterations           | 63          |
|    time_elapsed         | 54958       |
|    total_timesteps      | 258048      |
| train/                  |             |
|    approx_kl            | 0.009748852 |
|    clip_fraction        | 0.128       |
|    clip_range           | 0.2         |
|    entropy_loss         | -5.5        |
|    explained_variance   | 0.964       |
|    learning_rate        | 0.0003      |
|    loss                 | 0.102       |
|    n_updates            | 620         |
|    policy_gradient_loss | -0.0108     |
|    value_loss           | 0.583       |
-----------------------------------------
-----------------------------------------
| rollout/                |             |
|    ep_len_mean          | 29.9        |
|    ep_rew_mean          | 18.4        |
| time/                   |             |
|    fps                  | 4           |
|    iterations           | 64          |
|    time_elapsed         | 55852       |
|    total_timesteps      | 262144      |
| train/                  |             |
|    approx_kl            | 0.013395894 |
|    clip_fraction        | 0.156       |
|    clip_range           | 0.2         |
|    entropy_loss         | -5.51       |
|    explained_variance   | 0.961       |
|    learning_rate        | 0.0003      |
|    loss                 | -0.307      |
|    n_updates            | 630         |
|    policy_gradient_loss | -0.0114     |
|    value_loss           | 0.601       |
-----------------------------------------
-----------------------------------------
| rollout/                |             |
|    ep_len_mean          | 29.9        |
|    ep_rew_mean          | 18.3        |
| time/                   |             |
|    fps                  | 4           |
|    iterations           | 65          |
|    time_elapsed         | 56752       |
|    total_timesteps      | 266240      |
| train/                  |             |
|    approx_kl            | 0.012766832 |
|    clip_fraction        | 0.155       |
|    clip_range           | 0.2         |
|    entropy_loss         | -5.54       |
|    explained_variance   | 0.941       |
|    learning_rate        | 0.0003      |
|    loss                 | -0.343      |
|    n_updates            | 640         |
|    policy_gradient_loss | -0.0086     |
|    value_loss           | 0.923       |
-----------------------------------------
-----------------------------------------
| rollout/                |             |
|    ep_len_mean          | 29.9        |
|    ep_rew_mean          | 18.2        |
| time/                   |             |
|    fps                  | 4           |
|    iterations           | 66          |
|    time_elapsed         | 57688       |
|    total_timesteps      | 270336      |
| train/                  |             |
|    approx_kl            | 0.013545699 |
|    clip_fraction        | 0.175       |
|    clip_range           | 0.2         |
|    entropy_loss         | -5.53       |
|    explained_variance   | 0.966       |
|    learning_rate        | 0.0003      |
|    loss                 | -0.316      |
|    n_updates            | 650         |
|    policy_gradient_loss | -0.0156     |
|    value_loss           | 0.521       |
-----------------------------------------
-----------------------------------------
| rollout/                |             |
|    ep_len_mean          | 30          |
|    ep_rew_mean          | 18.3        |
| time/                   |             |
|    fps                  | 4           |
|    iterations           | 67          |
|    time_elapsed         | 58610       |
|    total_timesteps      | 274432      |
| train/                  |             |
|    approx_kl            | 0.011604745 |
|    clip_fraction        | 0.154       |
|    clip_range           | 0.2         |
|    entropy_loss         | -5.53       |
|    explained_variance   | 0.958       |
|    learning_rate        | 0.0003      |
|    loss                 | -0.31       |
|    n_updates            | 660         |
|    policy_gradient_loss | -0.0116     |
|    value_loss           | 0.641       |
-----------------------------------------
-----------------------------------------
| rollout/                |             |
|    ep_len_mean          | 30          |
|    ep_rew_mean          | 18.4        |
| time/                   |             |
|    fps                  | 4           |
|    iterations           | 68          |
|    time_elapsed         | 59516       |
|    total_timesteps      | 278528      |
| train/                  |             |
|    approx_kl            | 0.011399806 |
|    clip_fraction        | 0.142       |
|    clip_range           | 0.2         |
|    entropy_loss         | -5.53       |
|    explained_variance   | 0.983       |
|    learning_rate        | 0.0003      |
|    loss                 | -0.35       |
|    n_updates            | 670         |
|    policy_gradient_loss | -0.0115     |
|    value_loss           | 0.249       |
-----------------------------------------
----------------------------------------
| rollout/                |            |
|    ep_len_mean          | 29.8       |
|    ep_rew_mean          | 18.2       |
| time/                   |            |
|    fps                  | 4          |
|    iterations           | 69         |
|    time_elapsed         | 60425      |
|    total_timesteps      | 282624     |
| train/                  |            |
|    approx_kl            | 0.01373605 |
|    clip_fraction        | 0.168      |
|    clip_range           | 0.2        |
|    entropy_loss         | -5.54      |
|    explained_variance   | 0.959      |
|    learning_rate        | 0.0003     |
|    loss                 | -0.343     |
|    n_updates            | 680        |
|    policy_gradient_loss | -0.0117    |
|    value_loss           | 0.631      |
----------------------------------------
-----------------------------------------
| rollout/                |             |
|    ep_len_mean          | 30          |
|    ep_rew_mean          | 18.4        |
| time/                   |             |
|    fps                  | 4           |
|    iterations           | 70          |
|    time_elapsed         | 61349       |
|    total_timesteps      | 286720      |
| train/                  |             |
|    approx_kl            | 0.011742053 |
|    clip_fraction        | 0.173       |
|    clip_range           | 0.2         |
|    entropy_loss         | -5.57       |
|    explained_variance   | 0.932       |
|    learning_rate        | 0.0003      |
|    loss                 | 0.102       |
|    n_updates            | 690         |
|    policy_gradient_loss | -0.0119     |
|    value_loss           | 1.08        |
-----------------------------------------
-----------------------------------------
| rollout/                |             |
|    ep_len_mean          | 30          |
|    ep_rew_mean          | 18.2        |
| time/                   |             |
|    fps                  | 4           |
|    iterations           | 71          |
|    time_elapsed         | 62249       |
|    total_timesteps      | 290816      |
| train/                  |             |
|    approx_kl            | 0.011866803 |
|    clip_fraction        | 0.16        |
|    clip_range           | 0.2         |
|    entropy_loss         | -5.56       |
|    explained_variance   | 0.954       |
|    learning_rate        | 0.0003      |
|    loss                 | -0.272      |
|    n_updates            | 700         |
|    policy_gradient_loss | -0.0108     |
|    value_loss           | 0.703       |
-----------------------------------------
-----------------------------------------
| rollout/                |             |
|    ep_len_mean          | 29.9        |
|    ep_rew_mean          | 18.2        |
| time/                   |             |
|    fps                  | 4           |
|    iterations           | 72          |
|    time_elapsed         | 63184       |
|    total_timesteps      | 294912      |
| train/                  |             |
|    approx_kl            | 0.011749985 |
|    clip_fraction        | 0.15        |
|    clip_range           | 0.2         |
|    entropy_loss         | -5.58       |
|    explained_variance   | 0.96        |
|    learning_rate        | 0.0003      |
|    loss                 | -0.117      |
|    n_updates            | 710         |
|    policy_gradient_loss | -0.00922    |
|    value_loss           | 0.601       |
-----------------------------------------
-----------------------------------------
| rollout/                |             |
|    ep_len_mean          | 30          |
|    ep_rew_mean          | 18.4        |
| time/                   |             |
|    fps                  | 4           |
|    iterations           | 73          |
|    time_elapsed         | 64092       |
|    total_timesteps      | 299008      |
| train/                  |             |
|    approx_kl            | 0.012978038 |
|    clip_fraction        | 0.173       |
|    clip_range           | 0.2         |
|    entropy_loss         | -5.56       |
|    explained_variance   | 0.957       |
|    learning_rate        | 0.0003      |
|    loss                 | -0.0971     |
|    n_updates            | 720         |
|    policy_gradient_loss | -0.0127     |
|    value_loss           | 0.64        |
-----------------------------------------
-----------------------------------------
| rollout/                |             |
|    ep_len_mean          | 30          |
|    ep_rew_mean          | 18.6        |
| time/                   |             |
|    fps                  | 4           |
|    iterations           | 74          |
|    time_elapsed         | 64996       |
|    total_timesteps      | 303104      |
| train/                  |             |
|    approx_kl            | 0.014640806 |
|    clip_fraction        | 0.168       |
|    clip_range           | 0.2         |
|    entropy_loss         | -5.56       |
|    explained_variance   | 0.946       |
|    learning_rate        | 0.0003      |
|    loss                 | -0.332      |
|    n_updates            | 730         |
|    policy_gradient_loss | -0.0136     |
|    value_loss           | 0.709       |
-----------------------------------------
Model saved to best_model_optimal
Training completed.
